  Source.cpp
C:\Users\babas\Desktop\Battle Ship\Battleship\Final Project\Source.cpp(66,19): warning C4309: '=': truncation of constant value
C:\Users\babas\Desktop\Battle Ship\Battleship\Final Project\Source.cpp(757,15): warning C4309: '=': truncation of constant value
C:\Users\babas\Desktop\Battle Ship\Battleship\Final Project\Source.cpp(771,16): warning C4309: '=': truncation of constant value
C:\Users\babas\Desktop\Battle Ship\Battleship\Final Project\Source.cpp(783,16): warning C4309: '=': truncation of constant value
C:\Users\babas\Desktop\Battle Ship\Battleship\Final Project\Source.cpp(795,16): warning C4309: '=': truncation of constant value
C:\Users\babas\Desktop\Battle Ship\Battleship\Final Project\Source.cpp(810,16): warning C4309: '=': truncation of constant value
C:\Users\babas\Desktop\Battle Ship\Battleship\Final Project\Source.cpp(822,16): warning C4309: '=': truncation of constant value
C:\Users\babas\Desktop\Battle Ship\Battleship\Final Project\Source.cpp(837,16): warning C4309: '=': truncation of constant value
C:\Users\babas\Desktop\Battle Ship\Battleship\Final Project\Source.cpp(849,16): warning C4309: '=': truncation of constant value
C:\Users\babas\Desktop\Battle Ship\Battleship\Final Project\Source.cpp(861,16): warning C4309: '=': truncation of constant value
C:\Users\babas\Desktop\Battle Ship\Battleship\Final Project\Source.cpp(868,14): warning C4309: '=': truncation of constant value
C:\Users\babas\Desktop\Battle Ship\Battleship\Final Project\Source.cpp(880,16): warning C4309: '=': truncation of constant value
C:\Users\babas\Desktop\Battle Ship\Battleship\Final Project\Source.cpp(885,21): warning C4309: '=': truncation of constant value
C:\Users\babas\Desktop\Battle Ship\Battleship\Final Project\Source.cpp(900,15): warning C4309: '=': truncation of constant value
C:\Users\babas\Desktop\Battle Ship\Battleship\Final Project\Source.cpp(910,16): warning C4309: '=': truncation of constant value
C:\Users\babas\Desktop\Battle Ship\Battleship\Final Project\Source.cpp(915,21): warning C4309: '=': truncation of constant value
C:\Users\babas\Desktop\Battle Ship\Battleship\Final Project\Source.cpp(930,15): warning C4309: '=': truncation of constant value
C:\Users\babas\Desktop\Battle Ship\Battleship\Final Project\Source.cpp(940,16): warning C4309: '=': truncation of constant value
C:\Users\babas\Desktop\Battle Ship\Battleship\Final Project\Source.cpp(945,21): warning C4309: '=': truncation of constant value
C:\Users\babas\Desktop\Battle Ship\Battleship\Final Project\Source.cpp(960,15): warning C4309: '=': truncation of constant value
C:\Users\babas\Desktop\Battle Ship\Battleship\Final Project\Source.cpp(970,16): warning C4309: '=': truncation of constant value
C:\Users\babas\Desktop\Battle Ship\Battleship\Final Project\Source.cpp(975,21): warning C4309: '=': truncation of constant value
C:\Users\babas\Desktop\Battle Ship\Battleship\Final Project\Source.cpp(990,15): warning C4309: '=': truncation of constant value
C:\Users\babas\Desktop\Battle Ship\Battleship\Final Project\Source.cpp(996,14): warning C4309: '=': truncation of constant value
C:\Users\babas\Desktop\Battle Ship\Battleship\Final Project\Source.cpp(1008,16): warning C4309: '=': truncation of constant value
C:\Users\babas\Desktop\Battle Ship\Battleship\Final Project\Source.cpp(1012,21): warning C4309: '=': truncation of constant value
C:\Users\babas\Desktop\Battle Ship\Battleship\Final Project\Source.cpp(1016,22): warning C4309: '=': truncation of constant value
C:\Users\babas\Desktop\Battle Ship\Battleship\Final Project\Source.cpp(1022,22): warning C4309: '=': truncation of constant value
C:\Users\babas\Desktop\Battle Ship\Battleship\Final Project\Source.cpp(1029,21): warning C4309: '=': truncation of constant value
C:\Users\babas\Desktop\Battle Ship\Battleship\Final Project\Source.cpp(1041,15): warning C4309: '=': truncation of constant value
C:\Users\babas\Desktop\Battle Ship\Battleship\Final Project\Source.cpp(1051,16): warning C4309: '=': truncation of constant value
C:\Users\babas\Desktop\Battle Ship\Battleship\Final Project\Source.cpp(1055,21): warning C4309: '=': truncation of constant value
C:\Users\babas\Desktop\Battle Ship\Battleship\Final Project\Source.cpp(1059,22): warning C4309: '=': truncation of constant value
C:\Users\babas\Desktop\Battle Ship\Battleship\Final Project\Source.cpp(1065,22): warning C4309: '=': truncation of constant value
C:\Users\babas\Desktop\Battle Ship\Battleship\Final Project\Source.cpp(1072,21): warning C4309: '=': truncation of constant value
C:\Users\babas\Desktop\Battle Ship\Battleship\Final Project\Source.cpp(1084,15): warning C4309: '=': truncation of constant value
C:\Users\babas\Desktop\Battle Ship\Battleship\Final Project\Source.cpp(1094,16): warning C4309: '=': truncation of constant value
C:\Users\babas\Desktop\Battle Ship\Battleship\Final Project\Source.cpp(1098,21): warning C4309: '=': truncation of constant value
C:\Users\babas\Desktop\Battle Ship\Battleship\Final Project\Source.cpp(1102,22): warning C4309: '=': truncation of constant value
C:\Users\babas\Desktop\Battle Ship\Battleship\Final Project\Source.cpp(1108,22): warning C4309: '=': truncation of constant value
C:\Users\babas\Desktop\Battle Ship\Battleship\Final Project\Source.cpp(1115,21): warning C4309: '=': truncation of constant value
C:\Users\babas\Desktop\Battle Ship\Battleship\Final Project\Source.cpp(1127,15): warning C4309: '=': truncation of constant value
C:\Users\babas\Desktop\Battle Ship\Battleship\Final Project\Source.cpp(1137,16): warning C4309: '=': truncation of constant value
C:\Users\babas\Desktop\Battle Ship\Battleship\Final Project\Source.cpp(1141,21): warning C4309: '=': truncation of constant value
C:\Users\babas\Desktop\Battle Ship\Battleship\Final Project\Source.cpp(1145,22): warning C4309: '=': truncation of constant value
C:\Users\babas\Desktop\Battle Ship\Battleship\Final Project\Source.cpp(1151,22): warning C4309: '=': truncation of constant value
C:\Users\babas\Desktop\Battle Ship\Battleship\Final Project\Source.cpp(1158,21): warning C4309: '=': truncation of constant value
C:\Users\babas\Desktop\Battle Ship\Battleship\Final Project\Source.cpp(1170,15): warning C4309: '=': truncation of constant value
C:\Users\babas\Desktop\Battle Ship\Battleship\Final Project\Source.cpp(1176,14): warning C4309: '=': truncation of constant value
C:\Users\babas\Desktop\Battle Ship\Battleship\Final Project\Source.cpp(1188,16): warning C4309: '=': truncation of constant value
C:\Users\babas\Desktop\Battle Ship\Battleship\Final Project\Source.cpp(1192,21): warning C4309: '=': truncation of constant value
C:\Users\babas\Desktop\Battle Ship\Battleship\Final Project\Source.cpp(1196,22): warning C4309: '=': truncation of constant value
C:\Users\babas\Desktop\Battle Ship\Battleship\Final Project\Source.cpp(1200,23): warning C4309: '=': truncation of constant value
C:\Users\babas\Desktop\Battle Ship\Battleship\Final Project\Source.cpp(1206,23): warning C4309: '=': truncation of constant value
C:\Users\babas\Desktop\Battle Ship\Battleship\Final Project\Source.cpp(1213,22): warning C4309: '=': truncation of constant value
C:\Users\babas\Desktop\Battle Ship\Battleship\Final Project\Source.cpp(1221,21): warning C4309: '=': truncation of constant value
C:\Users\babas\Desktop\Battle Ship\Battleship\Final Project\Source.cpp(1232,15): warning C4309: '=': truncation of constant value
C:\Users\babas\Desktop\Battle Ship\Battleship\Final Project\Source.cpp(1242,16): warning C4309: '=': truncation of constant value
C:\Users\babas\Desktop\Battle Ship\Battleship\Final Project\Source.cpp(1246,21): warning C4309: '=': truncation of constant value
C:\Users\babas\Desktop\Battle Ship\Battleship\Final Project\Source.cpp(1250,22): warning C4309: '=': truncation of constant value
C:\Users\babas\Desktop\Battle Ship\Battleship\Final Project\Source.cpp(1254,23): warning C4309: '=': truncation of constant value
C:\Users\babas\Desktop\Battle Ship\Battleship\Final Project\Source.cpp(1260,23): warning C4309: '=': truncation of constant value
C:\Users\babas\Desktop\Battle Ship\Battleship\Final Project\Source.cpp(1267,22): warning C4309: '=': truncation of constant value
C:\Users\babas\Desktop\Battle Ship\Battleship\Final Project\Source.cpp(1275,21): warning C4309: '=': truncation of constant value
C:\Users\babas\Desktop\Battle Ship\Battleship\Final Project\Source.cpp(1286,15): warning C4309: '=': truncation of constant value
C:\Users\babas\Desktop\Battle Ship\Battleship\Final Project\Source.cpp(1296,16): warning C4309: '=': truncation of constant value
C:\Users\babas\Desktop\Battle Ship\Battleship\Final Project\Source.cpp(1300,21): warning C4309: '=': truncation of constant value
C:\Users\babas\Desktop\Battle Ship\Battleship\Final Project\Source.cpp(1304,22): warning C4309: '=': truncation of constant value
C:\Users\babas\Desktop\Battle Ship\Battleship\Final Project\Source.cpp(1308,23): warning C4309: '=': truncation of constant value
C:\Users\babas\Desktop\Battle Ship\Battleship\Final Project\Source.cpp(1314,23): warning C4309: '=': truncation of constant value
C:\Users\babas\Desktop\Battle Ship\Battleship\Final Project\Source.cpp(1321,22): warning C4309: '=': truncation of constant value
C:\Users\babas\Desktop\Battle Ship\Battleship\Final Project\Source.cpp(1329,21): warning C4309: '=': truncation of constant value
C:\Users\babas\Desktop\Battle Ship\Battleship\Final Project\Source.cpp(1340,15): warning C4309: '=': truncation of constant value
C:\Users\babas\Desktop\Battle Ship\Battleship\Final Project\Source.cpp(1350,16): warning C4309: '=': truncation of constant value
C:\Users\babas\Desktop\Battle Ship\Battleship\Final Project\Source.cpp(1354,21): warning C4309: '=': truncation of constant value
C:\Users\babas\Desktop\Battle Ship\Battleship\Final Project\Source.cpp(1358,22): warning C4309: '=': truncation of constant value
C:\Users\babas\Desktop\Battle Ship\Battleship\Final Project\Source.cpp(1362,23): warning C4309: '=': truncation of constant value
C:\Users\babas\Desktop\Battle Ship\Battleship\Final Project\Source.cpp(1368,23): warning C4309: '=': truncation of constant value
C:\Users\babas\Desktop\Battle Ship\Battleship\Final Project\Source.cpp(1375,22): warning C4309: '=': truncation of constant value
C:\Users\babas\Desktop\Battle Ship\Battleship\Final Project\Source.cpp(1383,21): warning C4309: '=': truncation of constant value
C:\Users\babas\Desktop\Battle Ship\Battleship\Final Project\Source.cpp(1394,15): warning C4309: '=': truncation of constant value
C:\Users\babas\Desktop\Battle Ship\Battleship\Final Project\Source.cpp(1400,14): warning C4309: '=': truncation of constant value
C:\Users\babas\Desktop\Battle Ship\Battleship\Final Project\Source.cpp(1406,13): warning C4309: '=': truncation of constant value
C:\Users\babas\Desktop\Battle Ship\Battleship\Final Project\Source.cpp(1424,20): warning C4309: '=': truncation of constant value
C:\Users\babas\Desktop\Battle Ship\Battleship\Final Project\Source.cpp(1412,9): warning C4101: 'y': unreferenced local variable
C:\Users\babas\Desktop\Battle Ship\Battleship\Final Project\Source.cpp(1412,6): warning C4101: 'x': unreferenced local variable
C:\Users\babas\Desktop\Battle Ship\Battleship\Final Project\Source.cpp(1733,13): warning C4326: return type of 'main' should be 'int' instead of 'void'
C:\Users\babas\Desktop\Battle Ship\Battleship\Final Project\Source.cpp(1735,12): warning C4244: 'argument': conversion from 'time_t' to 'unsigned int', possible loss of data
C:\Users\babas\Desktop\Battle Ship\Battleship\Final Project\Source.cpp(1886,19): warning C4309: '=': truncation of constant value
C:\Users\babas\Desktop\Battle Ship\Battleship\Final Project\Source.cpp(2024,21): warning C4309: '=': truncation of constant value
C:\Users\babas\Desktop\Battle Ship\Battleship\Final Project\Source.cpp(440): warning C4715: 'count_s': not all control paths return a value
C:\Users\babas\Desktop\Battle Ship\Battleship\Final Project\Source.cpp(1731): warning C4715: 'check_xy': not all control paths return a value
C:\Users\babas\Desktop\Battle Ship\Battleship\Final Project\Source.cpp(1409): warning C4715: 'check_s': not all control paths return a value
  Final Project.vcxproj -> C:\Users\babas\Desktop\Battle Ship\Battleship\x64\Debug\Battle Ship.exe
